#
# A fatal error has been detected by the Java Runtime Environment:
#
#  EXCEPTION_ACCESS_VIOLATION (0xc0000005) at pc=0x00007ffa7d02b089, pid=19252, tid=27176
#
# JRE version: OpenJDK Runtime Environment (16.0.1+9) (build 16.0.1+9-24)
# Java VM: OpenJDK 64-Bit Server VM (16.0.1+9-24, mixed mode, tiered, compressed oops, compressed class ptrs, g1 gc, windows-amd64)
# Problematic frame:
# V  [jvm.dll+0x23b089]
#
# No core dump will be written. Minidumps are not enabled by default on client versions of Windows
#
# If you would like to submit a bug report, please visit:
#   https://bugreport.java.com/bugreport/crash.jsp
#

---------------  S U M M A R Y ------------

Command Line: -XX:+ShowCodeDetailsInExceptionMessages -agentlib:jdwp=transport=dt_socket,suspend=y,address=localhost:51376 -javaagent:C:\Users\PMANCHUR\Downloads\eclipse\configuration\org.eclipse.osgi\415\0\.cp\lib\javaagent-shaded.jar -Dfile.encoding=UTF-8 com.capgemeni.trainService.TrainServiceApplication

Host: Intel(R) Core(TM) i5-10400H CPU @ 2.60GHz, 8 cores, 15G,  Windows 10 , 64 bit Build 19041 (10.0.19041.1202)
Time: Sun Oct 24 12:09:58 2021 India Standard Time elapsed time: 4262.906210 seconds (0d 1h 11m 2s)

---------------  T H R E A D  ---------------

Current thread (0x000002400bc55970):  VMThread "VM Thread" [stack: 0x000000e356c00000,0x000000e356d00000] [id=27176]

Stack: [0x000000e356c00000,0x000000e356d00000],  sp=0x000000e356cfee70,  free space=1019k
Native frames: (J=compiled Java code, j=interpreted, Vv=VM code, C=native code)
V  [jvm.dll+0x23b089]
V  [jvm.dll+0x61f220]
V  [jvm.dll+0x61fc8f]
V  [jvm.dll+0x52472d]
V  [jvm.dll+0x52832f]
V  [jvm.dll+0x525dfb]
V  [jvm.dll+0x7d05eb]
V  [jvm.dll+0x7d12e4]
V  [jvm.dll+0x7d17e9]
V  [jvm.dll+0x7d1aa4]
V  [jvm.dll+0x7d1b70]
V  [jvm.dll+0x779b4a]
V  [jvm.dll+0x667666]
C  [ucrtbase.dll+0x21bb2]
C  [KERNEL32.DLL+0x17034]
C  [ntdll.dll+0x52651]


siginfo: EXCEPTION_ACCESS_VIOLATION (0xc0000005), reading address 0x0000024022459280


Register to memory mapping:

RIP=0x00007ffa7d02b089 jvm.dll
RAX=2097152 is a compressed pointer to class: 0x0000000800200000
org.springframework.boot.context.properties.bind.AggregateBinder$AggregateSupplier {0x0000000800200008}
RBX=0x0000024022258140 is pointing into metadata
RCX=0x0000024022259280 is pointing into metadata
RDX=0x000000000000ffff is an unknown value
RSP=0x000000e356cfee70 points into unknown readable memory: 0x00007ffa7d900980 | 80 09 90 7d fa 7f 00 00
RBP=0x000000e356cfef69 points into unknown readable memory: 59 c5 0b 40 02 00 00
RSI=0x000000000000ffff is an unknown value
RDI=0x000000000000ffff is an unknown value
R8 ={method} {0x0000024022258b00} 'deleteTrainByName' '(Ljava/lang/String;)Ljava/lang/String;' in 'com/capgemeni/trainService/Controller/TrainController'
R9 =0x0000024022258140 is pointing into metadata
R10=0x000002400bc45f90 points into unknown readable memory: 0x0000001e00000002 | 02 00 00 00 1e 00 00 00
R11={method} {0x0000024022258b00} 'deleteTrainByName' '(Ljava/lang/String;)Ljava/lang/String;' in 'com/capgemeni/trainService/Controller/TrainController'
R12=0x0000000000000020 is an unknown value
R13={method} {0x00000240220b4128} 'deleteTrainByName' '(Ljava/lang/String;)Ljava/lang/String;' in 'com/capgemeni/trainService/Controller/TrainController'
R14=0x0000024022258abd is pointing into metadata
R15=0x00007ffa7cdf0000 jvm.dll


Registers:
RAX=0x0000000000200000, RBX=0x0000024022258140, RCX=0x0000024022259280, RDX=0x000000000000ffff
RSP=0x000000e356cfee70, RBP=0x000000e356cfef69, RSI=0x000000000000ffff, RDI=0x000000000000ffff
R8 =0x0000024022258af8, R9 =0x0000024022258140, R10=0x000002400bc45f90, R11=0x0000024022258af8
R12=0x0000000000000020, R13=0x00000240220b4120, R14=0x0000024022258abd, R15=0x00007ffa7cdf0000
RIP=0x00007ffa7d02b089, EFLAGS=0x0000000000010206

Top of Stack: (sp=0x000000e356cfee70)
0x000000e356cfee70:   00007ffa7d900980 000002401ab541c0
0x000000e356cfee80:   0000000000000000 000000e356cfef40
0x000000e356cfee90:   0000000000000007 00007ffa7d40f220
0x000000e356cfeea0:   00000000000000b6 0000000000000004
0x000000e356cfeeb0:   0000000000000000 00000000ffff0000
0x000000e356cfeec0:   000000e356cfef30 00007ffa7cf152ae
0x000000e356cfeed0:   0000024022258af8 00007ffa7d409900
0x000000e356cfeee0:   00000008007ec658 000000e3578fefe0
0x000000e356cfeef0:   00000000000000b6 00007ffa7d40fc8f
0x000000e356cfef00:   00000000000000b6 000000e356cfef69
0x000000e356cfef10:   00000000000000b6 0000000000000030
0x000000e356cfef20:   0000024022258af8 000002400bc55970
0x000000e356cfef30:   0000024022258af8 000002400bc55970
0x000000e356cfef40:   0000000800000005 000000b600000009
0x000000e356cfef50:   00000008007e0000 000000e3000000b6
0x000000e356cfef60:   00000240220b4120 000002400bc55970 

Instructions: (pc=0x00007ffa7d02b089)
0x00007ffa7d02af89:   18 57 48 83 ec 30 48 63 da 49 8b f0 48 8b f9 85
0x00007ffa7d02af99:   d2 79 24 4c 8d 0d 3d 88 69 00 ba b4 02 00 00 4c
0x00007ffa7d02afa9:   8d 05 69 88 69 00 48 8d 0d d2 87 69 00 e8 d5 7d
0x00007ffa7d02afb9:   00 00 e8 80 d3 42 00 48 8b 57 10 48 85 d2 74 0f
0x00007ffa7d02afc9:   48 8d 43 01 48 c1 e0 05 48 8b 04 10 0f b7 d8 48
0x00007ffa7d02afd9:   63 c3 48 8d 54 24 40 48 89 7c 24 20 48 89 74 24
0x00007ffa7d02afe9:   28 48 8b 8e 88 02 00 00 8b 5c c7 48 48 89 7c 24
0x00007ffa7d02aff9:   40 e8 01 f7 dc ff 0f b7 d3 48 8d 4c 24 20 4c 8b
0x00007ffa7d02b009:   ce 41 b0 01 e8 ae fb ff ff 48 8d 4c 24 20 48 8b
0x00007ffa7d02b019:   d8 e8 f1 72 10 00 48 8b 74 24 50 48 8b c3 48 8b
0x00007ffa7d02b029:   5c 24 48 48 83 c4 30 5f c3 cc cc cc cc cc cc cc
0x00007ffa7d02b039:   cc cc cc cc cc cc cc 48 89 5c 24 08 57 48 83 ec
0x00007ffa7d02b049:   20 48 63 fa 48 8b d9 85 d2 79 24 4c 8d 0d 85 87
0x00007ffa7d02b059:   69 00 ba b4 02 00 00 4c 8d 05 b1 87 69 00 48 8d
0x00007ffa7d02b069:   0d 1a 87 69 00 e8 1d 7d 00 00 e8 c8 d2 42 00 48
0x00007ffa7d02b079:   8b 4b 10 48 85 c9 74 0f 48 8d 47 01 48 c1 e0 05
0x00007ffa7d02b089:   48 8b 04 08 0f b7 f8 48 63 c7 0f b7 4c c3 48 0f
0x00007ffa7d02b099:   b7 44 cb 4a 48 8b 44 c3 48 48 8b 5c 24 30 48 83
0x00007ffa7d02b0a9:   c4 20 5f c3 cc cc cc 48 8b 49 20 48 8b 09 e9 24
0x00007ffa7d02b0b9:   5e 00 00 cc cc cc cc 4c 8b 41 20 4d 8b 00 e9 54
0x00007ffa7d02b0c9:   02 00 00 cc cc cc cc 48 89 5c 24 18 56 57 41 56
0x00007ffa7d02b0d9:   48 83 ec 20 48 83 3d db b8 88 00 00 4c 8b f2 48
0x00007ffa7d02b0e9:   8b f9 74 0f 48 8b d1 48 8d 0d 69 86 69 00 e8 84
0x00007ffa7d02b0f9:   e1 e6 ff 45 33 c0 41 8d 50 17 8d 4a 11 e8 85 d5
0x00007ffa7d02b109:   e6 ff 33 db 48 85 c0 74 22 48 8d 0d cf 7c 66 00
0x00007ffa7d02b119:   89 58 08 48 89 08 48 8d 4f 08 48 89 48 20 88 58
0x00007ffa7d02b129:   0c 48 89 58 10 48 89 58 18 eb 03 48 8b c3 48 8b
0x00007ffa7d02b139:   d0 49 8b ce e8 9e 61 3d 00 45 33 c0 41 8d 50 17
0x00007ffa7d02b149:   8d 4a 11 e8 3f d5 e6 ff 48 85 c0 74 27 48 8d 0d
0x00007ffa7d02b159:   13 8b 69 00 c7 40 08 02 00 00 00 48 89 08 48 8d
0x00007ffa7d02b169:   4f 10 48 89 48 20 c6 40 0c 00 48 89 58 10 48 89
0x00007ffa7d02b179:   58 18 eb 03 48 8b c3 48 8b d0 49 8b ce e8 55 61 


Stack slot to memory mapping:
stack at sp + 0 slots: 0x00007ffa7d900980 jvm.dll
stack at sp + 1 slots: 0x000002401ab541c0 points into unknown readable memory: 0x000002400f0ae160 | 60 e1 0a 0f 40 02 00 00
stack at sp + 2 slots: 0x0 is NULL
stack at sp + 3 slots: 0x000000e356cfef40 points into unknown readable memory: 0x0000000800000005 | 05 00 00 00 08 00 00 00
stack at sp + 4 slots: 0x0000000000000007 is an unknown value
stack at sp + 5 slots: 0x00007ffa7d40f220 jvm.dll
stack at sp + 6 slots: 0x00000000000000b6 is an unknown value
stack at sp + 7 slots: 0x0000000000000004 is an unknown value

VM_Operation (0x000000e3578fefe0): RedefineClasses, mode: safepoint, requested by thread 0x000002400bfe59f0, redefining class com.capgemeni.trainService.Controller.TrainController



---------------  P R O C E S S  ---------------

Threads class SMR info:
_java_thread_list=0x000002400dd11600, length=37, elements={
0x000002400bc6c150, 0x000002400bc6d3e0, 0x000002400bc97270, 0x000002400bc97e70,
0x000002400bc9c670, 0x000002400bca2950, 0x000002400bcabb40, 0x000002400bcb0630,
0x000002400bcc4c80, 0x000002400bdc1180, 0x000002400bfe59f0, 0x000002400bf43c70,
0x000002400bf441b0, 0x000002400c4d6fe0, 0x000002401eb97580, 0x000002400d641500,
0x000002400d63ea80, 0x000002400d63da90, 0x000002400d641fa0, 0x000002400d640a60,
0x000002400d63f520, 0x000002400d63dfe0, 0x000002400d63cff0, 0x000002400d642a40,
0x000002400d63fa70, 0x000002400d641a50, 0x000002400d63caa0, 0x000002400d63e530,
0x000002400d642f90, 0x000002400d63ffc0, 0x000002400d6434e0, 0x000002400d643a30,
0x000002400d643f80, 0x000002400d63d540, 0x000002400d63efd0, 0x000002401eb93070,
0x000002401eb97030
}

Java Threads: ( => current thread )
  0x000002400bc6c150 JavaThread "Reference Handler" daemon [_thread_blocked, id=20652, stack(0x000000e356d00000,0x000000e356e00000)]
  0x000002400bc6d3e0 JavaThread "Finalizer" daemon [_thread_blocked, id=20644, stack(0x000000e356e00000,0x000000e356f00000)]
  0x000002400bc97270 JavaThread "Signal Dispatcher" daemon [_thread_blocked, id=12496, stack(0x000000e356f00000,0x000000e357000000)]
  0x000002400bc97e70 JavaThread "Attach Listener" daemon [_thread_blocked, id=23432, stack(0x000000e357000000,0x000000e357100000)]
  0x000002400bc9c670 JavaThread "Service Thread" daemon [_thread_blocked, id=10708, stack(0x000000e357100000,0x000000e357200000)]
  0x000002400bca2950 JavaThread "Monitor Deflation Thread" daemon [_thread_blocked, id=22336, stack(0x000000e357200000,0x000000e357300000)]
  0x000002400bcabb40 JavaThread "C2 CompilerThread0" daemon [_thread_blocked, id=25200, stack(0x000000e357300000,0x000000e357400000)]
  0x000002400bcb0630 JavaThread "C1 CompilerThread0" daemon [_thread_blocked, id=10060, stack(0x000000e357400000,0x000000e357500000)]
  0x000002400bcc4c80 JavaThread "Sweeper thread" daemon [_thread_blocked, id=21268, stack(0x000000e357500000,0x000000e357600000)]
  0x000002400bdc1180 JavaThread "Common-Cleaner" daemon [_thread_blocked, id=25944, stack(0x000000e357600000,0x000000e357700000)]
  0x000002400bfe59f0 JavaThread "JDWP Transport Listener: dt_socket" daemon [_thread_blocked, id=11236, stack(0x000000e357800000,0x000000e357900000)]
  0x000002400bf43c70 JavaThread "JDWP Event Helper Thread" daemon [_thread_blocked, id=23556, stack(0x000000e357900000,0x000000e357a00000)]
  0x000002400bf441b0 JavaThread "JDWP Command Reader" daemon [_thread_in_native, id=15756, stack(0x000000e357a00000,0x000000e357b00000)]
  0x000002400c4d6fe0 JavaThread "Notification Thread" daemon [_thread_blocked, id=6792, stack(0x000000e357b00000,0x000000e357c00000)]
  0x000002401eb97580 JavaThread "DestroyJavaVM" [_thread_blocked, id=6236, stack(0x000000e356600000,0x000000e356700000)]
  0x000002400d641500 JavaThread "Catalina-utility-1" [_thread_blocked, id=9112, stack(0x000000e357700000,0x000000e357800000)]
  0x000002400d63ea80 JavaThread "Catalina-utility-2" [_thread_blocked, id=4832, stack(0x000000e358400000,0x000000e358500000)]
  0x000002400d63da90 JavaThread "container-0" [_thread_blocked, id=7252, stack(0x000000e358500000,0x000000e358600000)]
  0x000002400d641fa0 JavaThread "cluster-ClusterId{value='6174febced9cdc227228be03', description='null'}-localhost:27017" daemon [_thread_in_native, id=26888, stack(0x000000e358600000,0x000000e358700000)]
  0x000002400d640a60 JavaThread "cluster-rtt-ClusterId{value='6174febced9cdc227228be03', description='null'}-localhost:27017" daemon [_thread_blocked, id=13388, stack(0x000000e358700000,0x000000e358800000)]
  0x000002400d63f520 JavaThread "File Watcher" daemon [_thread_blocked, id=26568, stack(0x000000e358900000,0x000000e358a00000)]
  0x000002400d63dfe0 JavaThread "spring.cloud.inetutils" daemon [_thread_blocked, id=8412, stack(0x000000e358a00000,0x000000e358b00000)]
  0x000002400d63cff0 JavaThread "AsyncResolver-bootstrap-0" daemon [_thread_blocked, id=24256, stack(0x000000e358b00000,0x000000e358c00000)]
  0x000002400d642a40 JavaThread "DiscoveryClient-0" daemon [_thread_blocked, id=26540, stack(0x000000e358c00000,0x000000e358d00000)]
  0x000002400d63fa70 JavaThread "DiscoveryClient-1" daemon [_thread_blocked, id=9272, stack(0x000000e358d00000,0x000000e358e00000)]
  0x000002400d641a50 JavaThread "DiscoveryClient-InstanceInfoReplicator-0" daemon [_thread_blocked, id=19664, stack(0x000000e358f00000,0x000000e359000000)]
  0x000002400d63caa0 JavaThread "http-nio-8890-Poller" daemon [_thread_blocked, id=25384, stack(0x000000e359000000,0x000000e359100000)]
  0x000002400d63e530 JavaThread "http-nio-8890-Acceptor" daemon [_thread_in_native, id=10648, stack(0x000000e359100000,0x000000e359200000)]
  0x000002400d642f90 JavaThread "http-nio-8890-exec-1" daemon [_thread_blocked, id=15176, stack(0x000000e356300000,0x000000e356400000)]
  0x000002400d63ffc0 JavaThread "http-nio-8890-exec-2" daemon [_thread_blocked, id=3284, stack(0x000000e356400000,0x000000e356500000)]
  0x000002400d6434e0 JavaThread "http-nio-8890-exec-3" daemon [_thread_blocked, id=21196, stack(0x000000e356500000,0x000000e356600000)]
  0x000002400d643a30 JavaThread "DiscoveryClient-HeartbeatExecutor-0" daemon [_thread_blocked, id=8064, stack(0x000000e359400000,0x000000e359500000)]
  0x000002400d643f80 JavaThread "DiscoveryClient-CacheRefreshExecutor-0" daemon [_thread_blocked, id=26248, stack(0x000000e359500000,0x000000e359600000)]
  0x000002400d63d540 JavaThread "http-nio-8890-exec-4" daemon [_thread_blocked, id=18676, stack(0x000000e359600000,0x000000e359700000)]
  0x000002400d63efd0 JavaThread "http-nio-8890-exec-5" daemon [_thread_blocked, id=23640, stack(0x000000e359700000,0x000000e359800000)]
  0x000002401eb93070 JavaThread "http-nio-8890-exec-6" daemon [_thread_blocked, id=27084, stack(0x000000e359200000,0x000000e359300000)]
  0x000002401eb97030 JavaThread "http-nio-8890-exec-7" daemon [_thread_blocked, id=10264, stack(0x000000e359300000,0x000000e359400000)]

Other Threads:
=>0x000002400bc55970 VMThread "VM Thread" [stack: 0x000000e356c00000,0x000000e356d00000] [id=27176]
  0x000002400c4d7500 WatcherThread [stack: 0x000000e357c00000,0x000000e357d00000] [id=12088]
  0x000002406cae6010 GCTaskThread "GC Thread#0" [stack: 0x000000e356700000,0x000000e356800000] [id=18184]
  0x000002400d19a340 GCTaskThread "GC Thread#1" [stack: 0x000000e357d00000,0x000000e357e00000] [id=23676]
  0x000002400d0968c0 GCTaskThread "GC Thread#2" [stack: 0x000000e357e00000,0x000000e357f00000] [id=12676]
  0x000002400d096bd0 GCTaskThread "GC Thread#3" [stack: 0x000000e357f00000,0x000000e358000000] [id=25000]
  0x000002400c6bbd30 GCTaskThread "GC Thread#4" [stack: 0x000000e358000000,0x000000e358100000] [id=5400]
  0x000002400c6bc040 GCTaskThread "GC Thread#5" [stack: 0x000000e358100000,0x000000e358200000] [id=25356]
  0x000002400d081d00 GCTaskThread "GC Thread#6" [stack: 0x000000e358200000,0x000000e358300000] [id=24424]
  0x000002400d2b1c00 GCTaskThread "GC Thread#7" [stack: 0x000000e358300000,0x000000e358400000] [id=13012]
  0x000002406caf81c0 ConcurrentGCThread "G1 Main Marker" [stack: 0x000000e356800000,0x000000e356900000] [id=18768]
  0x000002406caf9000 ConcurrentGCThread "G1 Conc#0" [stack: 0x000000e356900000,0x000000e356a00000] [id=6948]
  0x000002400d798250 ConcurrentGCThread "G1 Conc#1" [stack: 0x000000e358800000,0x000000e358900000] [id=14060]
  0x000002406cb2e800 ConcurrentGCThread "G1 Refine#0" [stack: 0x000000e356a00000,0x000000e356b00000] [id=11688]
  0x000002400b1624b0 ConcurrentGCThread "G1 Service" [stack: 0x000000e356b00000,0x000000e356c00000] [id=14340]

Threads with active compile tasks:

VM state: at safepoint (normal execution)

VM Mutex/Monitor currently owned by a thread:  ([mutex/lock_event])
[0x000002406ca948b0] Threads_lock - owner thread: 0x000002400bc55970

Heap address: 0x0000000706400000, size: 3996 MB, Compressed Oops mode: Zero based, Oop shift amount: 3

CDS disabled.
Compressed class space mapped at: 0x0000000800000000-0x0000000840000000, reserved size: 1073741824
Narrow klass base: 0x0000000800000000, Narrow klass shift: 0, Narrow klass range: 0x40000000

GC Precious Log:
 CPUs: 8 total, 8 available
 Memory: 15981M
 Large Page Support: Disabled
 NUMA Support: Disabled
 Compressed Oops: Enabled (Zero based)
 Heap Region Size: 2M
 Heap Min Capacity: 8M
 Heap Initial Capacity: 250M
 Heap Max Capacity: 3996M
 Pre-touch: Disabled
 Parallel Workers: 8
 Concurrent Workers: 2
 Concurrent Refinement Workers: 8
 Periodic GC: Disabled

Heap:
 garbage-first heap   total 110592K, used 76209K [0x0000000706400000, 0x0000000800000000)
  region size 2048K, 26 young (53248K), 2 survivors (4096K)
 Metaspace       used 66710K, committed 67200K, reserved 1114112K
  class space    used 7883K, committed 8128K, reserved 1048576K

Heap Regions: E=young(eden), S=young(survivor), O=old, HS=humongous(starts), HC=humongous(continues), CS=collection set, F=free, OA=open archive, CA=closed archive, TAMS=top-at-mark-start (previous, next)
|   0|0x0000000706400000, 0x00000007065ffff8, 0x0000000706600000| 99%| O|  |TAMS 0x0000000706400000, 0x0000000706400000| Untracked 
|   1|0x0000000706600000, 0x0000000706800000, 0x0000000706800000|100%| O|  |TAMS 0x0000000706600000, 0x0000000706600000| Untracked 
|   2|0x0000000706800000, 0x00000007069fffc8, 0x0000000706a00000| 99%| O|  |TAMS 0x0000000706800000, 0x0000000706800000| Untracked 
|   3|0x0000000706a00000, 0x0000000706bffff0, 0x0000000706c00000| 99%| O|  |TAMS 0x0000000706a00000, 0x0000000706a00000| Untracked 
|   4|0x0000000706c00000, 0x0000000706dfffd8, 0x0000000706e00000| 99%| O|  |TAMS 0x0000000706c00000, 0x0000000706c00000| Untracked 
|   5|0x0000000706e00000, 0x0000000706fffff0, 0x0000000707000000| 99%| O|  |TAMS 0x0000000706e00000, 0x0000000706e00000| Untracked 
|   6|0x0000000707000000, 0x00000007071ffff8, 0x0000000707200000| 99%| O|  |TAMS 0x0000000707000000, 0x0000000707000000| Untracked 
|   7|0x0000000707200000, 0x00000007073fffe8, 0x0000000707400000| 99%| O|  |TAMS 0x0000000707200000, 0x0000000707200000| Untracked 
|   8|0x0000000707400000, 0x00000007075fffc0, 0x0000000707600000| 99%| O|  |TAMS 0x0000000707400000, 0x0000000707400000| Untracked 
|   9|0x0000000707600000, 0x00000007077ffff8, 0x0000000707800000| 99%| O|  |TAMS 0x0000000707600000, 0x0000000707600000| Untracked 
|  10|0x0000000707800000, 0x00000007079fcef0, 0x0000000707a00000| 99%| O|  |TAMS 0x0000000707800000, 0x0000000707800000| Untracked 
|  11|0x0000000707a00000, 0x0000000707a24f90, 0x0000000707c00000|  7%| O|  |TAMS 0x0000000707a00000, 0x0000000707a00000| Untracked 
|  12|0x0000000707c00000, 0x0000000707ddc698, 0x0000000707e00000| 93%| O|  |TAMS 0x0000000707c00000, 0x0000000707c00000| Untracked 
|  13|0x0000000707e00000, 0x0000000707eb7428, 0x0000000708000000| 35%| O|  |TAMS 0x0000000707e00000, 0x0000000707e00000| Untracked 
|  14|0x0000000708000000, 0x000000070816f0f0, 0x0000000708200000| 71%| O|  |TAMS 0x0000000708000000, 0x0000000708000000| Untracked 
|  15|0x0000000708200000, 0x0000000708200000, 0x0000000708400000|  0%| F|  |TAMS 0x0000000708200000, 0x0000000708200000| Untracked 
|  16|0x0000000708400000, 0x0000000708400000, 0x0000000708600000|  0%| F|  |TAMS 0x0000000708400000, 0x0000000708400000| Untracked 
|  17|0x0000000708600000, 0x00000007086dee20, 0x0000000708800000| 43%| O|  |TAMS 0x0000000708600000, 0x0000000708600000| Untracked 
|  18|0x0000000708800000, 0x0000000708800000, 0x0000000708a00000|  0%| F|  |TAMS 0x0000000708800000, 0x0000000708800000| Untracked 
|  19|0x0000000708a00000, 0x0000000708a00000, 0x0000000708c00000|  0%| F|  |TAMS 0x0000000708a00000, 0x0000000708a00000| Untracked 
|  20|0x0000000708c00000, 0x0000000708c00000, 0x0000000708e00000|  0%| F|  |TAMS 0x0000000708c00000, 0x0000000708c00000| Untracked 
|  21|0x0000000708e00000, 0x0000000708e00000, 0x0000000709000000|  0%| F|  |TAMS 0x0000000708e00000, 0x0000000708e00000| Untracked 
|  22|0x0000000709000000, 0x0000000709000000, 0x0000000709200000|  0%| F|  |TAMS 0x0000000709000000, 0x0000000709000000| Untracked 
|  23|0x0000000709200000, 0x0000000709200000, 0x0000000709400000|  0%| F|  |TAMS 0x0000000709200000, 0x0000000709200000| Untracked 
|  24|0x0000000709400000, 0x0000000709568e80, 0x0000000709600000| 70%| S|CS|TAMS 0x0000000709400000, 0x0000000709400000| Complete 
|  25|0x0000000709600000, 0x0000000709800000, 0x0000000709800000|100%| S|CS|TAMS 0x0000000709600000, 0x0000000709600000| Complete 
|  26|0x0000000709800000, 0x0000000709800000, 0x0000000709a00000|  0%| F|  |TAMS 0x0000000709800000, 0x0000000709800000| Untracked 
|  27|0x0000000709a00000, 0x0000000709a00000, 0x0000000709c00000|  0%| F|  |TAMS 0x0000000709a00000, 0x0000000709a00000| Untracked 
|  28|0x0000000709c00000, 0x0000000709c00000, 0x0000000709e00000|  0%| F|  |TAMS 0x0000000709c00000, 0x0000000709c00000| Untracked 
|  29|0x0000000709e00000, 0x0000000709e00000, 0x000000070a000000|  0%| F|  |TAMS 0x0000000709e00000, 0x0000000709e00000| Untracked 
|  30|0x000000070a000000, 0x000000070a1401e0, 0x000000070a200000| 62%| E|  |TAMS 0x000000070a000000, 0x000000070a000000| Complete 
|  31|0x000000070a200000, 0x000000070a400000, 0x000000070a400000|100%| E|CS|TAMS 0x000000070a200000, 0x000000070a200000| Complete 
|  32|0x000000070a400000, 0x000000070a600000, 0x000000070a600000|100%| E|CS|TAMS 0x000000070a400000, 0x000000070a400000| Complete 
|  33|0x000000070a600000, 0x000000070a800000, 0x000000070a800000|100%| E|CS|TAMS 0x000000070a600000, 0x000000070a600000| Complete 
|  34|0x000000070a800000, 0x000000070aa00000, 0x000000070aa00000|100%| E|CS|TAMS 0x000000070a800000, 0x000000070a800000| Complete 
|  35|0x000000070aa00000, 0x000000070ac00000, 0x000000070ac00000|100%| E|CS|TAMS 0x000000070aa00000, 0x000000070aa00000| Complete 
|  36|0x000000070ac00000, 0x000000070ae00000, 0x000000070ae00000|100%| E|CS|TAMS 0x000000070ac00000, 0x000000070ac00000| Complete 
|  37|0x000000070ae00000, 0x000000070b000000, 0x000000070b000000|100%| E|CS|TAMS 0x000000070ae00000, 0x000000070ae00000| Complete 
|  38|0x000000070b000000, 0x000000070b200000, 0x000000070b200000|100%| E|CS|TAMS 0x000000070b000000, 0x000000070b000000| Complete 
|  39|0x000000070b200000, 0x000000070b400000, 0x000000070b400000|100%| E|CS|TAMS 0x000000070b200000, 0x000000070b200000| Complete 
|  40|0x000000070b400000, 0x000000070b600000, 0x000000070b600000|100%| E|CS|TAMS 0x000000070b400000, 0x000000070b400000| Complete 
|  41|0x000000070b600000, 0x000000070b800000, 0x000000070b800000|100%| E|CS|TAMS 0x000000070b600000, 0x000000070b600000| Complete 
|  42|0x000000070b800000, 0x000000070ba00000, 0x000000070ba00000|100%| E|CS|TAMS 0x000000070b800000, 0x000000070b800000| Complete 
|  43|0x000000070ba00000, 0x000000070bc00000, 0x000000070bc00000|100%| E|CS|TAMS 0x000000070ba00000, 0x000000070ba00000| Complete 
|  44|0x000000070bc00000, 0x000000070be00000, 0x000000070be00000|100%| E|CS|TAMS 0x000000070bc00000, 0x000000070bc00000| Complete 
|  45|0x000000070be00000, 0x000000070c000000, 0x000000070c000000|100%| E|CS|TAMS 0x000000070be00000, 0x000000070be00000| Complete 
|  46|0x000000070c000000, 0x000000070c200000, 0x000000070c200000|100%| E|CS|TAMS 0x000000070c000000, 0x000000070c000000| Complete 
|  47|0x000000070c200000, 0x000000070c400000, 0x000000070c400000|100%| E|CS|TAMS 0x000000070c200000, 0x000000070c200000| Complete 
|  48|0x000000070c400000, 0x000000070c600000, 0x000000070c600000|100%| E|CS|TAMS 0x000000070c400000, 0x000000070c400000| Complete 
|  49|0x000000070c600000, 0x000000070c800000, 0x000000070c800000|100%| E|CS|TAMS 0x000000070c600000, 0x000000070c600000| Complete 
|  50|0x000000070c800000, 0x000000070ca00000, 0x000000070ca00000|100%| E|CS|TAMS 0x000000070c800000, 0x000000070c800000| Complete 
|  51|0x000000070ca00000, 0x000000070cc00000, 0x000000070cc00000|100%| E|CS|TAMS 0x000000070ca00000, 0x000000070ca00000| Complete 
|  52|0x000000070cc00000, 0x000000070ce00000, 0x000000070ce00000|100%| E|  |TAMS 0x000000070cc00000, 0x000000070cc00000| Complete 
|  53|0x000000070ce00000, 0x000000070d000000, 0x000000070d000000|100%| E|CS|TAMS 0x000000070ce00000, 0x000000070ce00000| Complete 

Card table byte_map: [0x0000024000000000,0x00000240007d0000] _byte_map_base: 0x0000023ffc7ce000

Marking Bits (Prev, Next): (CMBitMap*) 0x000002406cae7690, (CMBitMap*) 0x000002406cae76d0
 Prev Bits: [0x0000024000fa0000, 0x0000024004e10000)
 Next Bits: [0x0000024004e10000, 0x0000024008c80000)

Polling page: 0x000002406a600000

Metaspace:

Usage:
  Non-class:     57.45 MB used.
      Class:      7.70 MB used.
       Both:     65.15 MB used.

Virtual space:
  Non-class space:       64.00 MB reserved,      57.69 MB ( 90%) committed,  8 nodes.
      Class space:        1.00 GB reserved,       7.94 MB ( <1%) committed,  1 nodes.
              Both:        1.06 GB reserved,      65.62 MB (  6%) committed. 

Chunk freelists:
   Non-Class:  1.53 MB
       Class:  71.00 KB
        Both:  1.60 MB

MaxMetaspaceSize: 17179869184.00 GB
CompressedClassSpaceSize: 1.00 GB
 - commit_granule_bytes: 65536.
 - commit_granule_words: 8192.
 - virtual_space_node_default_size: 1048576.
 - enlarge_chunks_in_place: 1.
 - new_chunks_are_fully_committed: 0.
 - uncommit_free_chunks: 1.
 - use_allocation_guard: 0.
 - handle_deallocations: 1.


Internal statistics:

num_allocs_failed_limit: 9.
num_arena_births: 646.
num_arena_deaths: 0.
num_vsnodes_births: 9.
num_vsnodes_deaths: 0.
num_space_committed: 1050.
num_space_uncommitted: 0.
num_chunks_returned_to_freelist: 9.
num_chunks_taken_from_freelist: 2771.
num_chunk_merges: 9.
num_chunk_splits: 1853.
num_chunks_enlarged: 1352.
num_purges: 0.

CodeHeap 'non-profiled nmethods': size=120000Kb used=6540Kb max_used=6540Kb free=113459Kb
 bounds [0x0000024077a90000, 0x0000024078100000, 0x000002407efc0000]
CodeHeap 'profiled nmethods': size=120000Kb used=19118Kb max_used=19118Kb free=100881Kb
 bounds [0x0000024070560000, 0x0000024071810000, 0x0000024077a90000]
CodeHeap 'non-nmethods': size=5760Kb used=1352Kb max_used=1490Kb free=4407Kb
 bounds [0x000002406ffc0000, 0x0000024070230000, 0x0000024070560000]
 total_blobs=9449 nmethods=8855 adapters=505
 compilation: enabled
              stopped_count=0, restarted_count=0
 full_count=0

Compilation events (20 events):
Event: 4231.731 Thread 0x000002400bcb0630 10075   !   3       ch.qos.logback.classic.spi.PackagingDataCalculator::bestEffortLoadClass (63 bytes)
Event: 4231.732 Thread 0x000002400bcb0630 nmethod 10075 0x0000024071805810 code [0x0000024071805b20, 0x0000024071806f18]
Event: 4231.732 Thread 0x000002400bcb0630 10076   !   3       ch.qos.logback.classic.spi.PackagingDataCalculator::getCodeLocation (65 bytes)
Event: 4231.733 Thread 0x000002400bcb0630 nmethod 10076 0x0000024071807610 code [0x0000024071807860, 0x0000024071808068]
Event: 4231.733 Thread 0x000002400bcb0630 10077       3       org.apache.catalina.core.ApplicationHttpRequest::setAttribute (54 bytes)
Event: 4231.733 Thread 0x000002400bcb0630 nmethod 10077 0x0000024071808510 code [0x0000024071808720, 0x0000024071808d58]
Event: 4231.734 Thread 0x000002400bcb0630 10078       3       org.springframework.web.context.request.async.WebAsyncManager::isConcurrentHandlingStarted (25 bytes)
Event: 4231.734 Thread 0x000002400bcb0630 nmethod 10078 0x0000024071808f10 code [0x00000240718090e0, 0x00000240718094c8]
Event: 4245.204 Thread 0x000002400bcb0630 10079       3       org.apache.http.client.utils.URIBuilder::digestURI (147 bytes)
Event: 4245.205 Thread 0x000002400bcb0630 nmethod 10079 0x0000024071809610 code [0x00000240718098a0, 0x000002407180a7e8]
Event: 4245.205 Thread 0x000002400bcb0630 10080       3       org.apache.http.client.utils.URIBuilder::parsePath (19 bytes)
Event: 4245.205 Thread 0x000002400bcabb40 10082   !   4       sun.nio.ch.NioSocketImpl::tryRead (87 bytes)
Event: 4245.205 Thread 0x000002400bcb0630 nmethod 10080 0x000002407180ab90 code [0x000002407180ad60, 0x000002407180b028]
Event: 4245.205 Thread 0x000002400bcb0630 10081       3       java.util.LinkedList::remove (77 bytes)
Event: 4245.205 Thread 0x000002400bcb0630 nmethod 10081 0x000002407180b190 code [0x000002407180b380, 0x000002407180b8c8]
Event: 4245.233 Thread 0x000002400bcabb40 nmethod 10082 0x00000240780eea10 code [0x00000240780eeca0, 0x00000240780f0590]
Event: 4245.233 Thread 0x000002400bcabb40 10083       4       sun.nio.ch.Util::getTemporaryDirectBuffer (55 bytes)
Event: 4245.241 Thread 0x000002400bcabb40 nmethod 10083 0x00000240780f1890 code [0x00000240780f1aa0, 0x00000240780f2230]
Event: 4245.241 Thread 0x000002400bcabb40 10084       4       sun.nio.ch.Util$BufferCache::get (164 bytes)
Event: 4245.245 Thread 0x000002400bcabb40 nmethod 10084 0x00000240780f2890 code [0x00000240780f2a40, 0x00000240780f2f98]

GC Heap History (20 events):
Event: 4.651 GC heap before
{Heap before GC invocations=13 (full 0):
 garbage-first heap   total 59392K, used 41408K [0x0000000706400000, 0x0000000800000000)
  region size 2048K, 15 young (30720K), 2 survivors (4096K)
 Metaspace       used 39884K, committed 40256K, reserved 1089536K
  class space    used 4610K, committed 4800K, reserved 1048576K
}
Event: 4.654 GC heap after
{Heap after GC invocations=14 (full 0):
 garbage-first heap   total 59392K, used 18859K [0x0000000706400000, 0x0000000800000000)
  region size 2048K, 2 young (4096K), 2 survivors (4096K)
 Metaspace       used 39884K, committed 40256K, reserved 1089536K
  class space    used 4610K, committed 4800K, reserved 1048576K
}
Event: 4.760 GC heap before
{Heap before GC invocations=14 (full 0):
 garbage-first heap   total 59392K, used 41387K [0x0000000706400000, 0x0000000800000000)
  region size 2048K, 14 young (28672K), 2 survivors (4096K)
 Metaspace       used 39914K, committed 40256K, reserved 1089536K
  class space    used 4611K, committed 4800K, reserved 1048576K
}
Event: 4.764 GC heap after
{Heap after GC invocations=15 (full 0):
 garbage-first heap   total 59392K, used 20686K [0x0000000706400000, 0x0000000800000000)
  region size 2048K, 2 young (4096K), 2 survivors (4096K)
 Metaspace       used 39914K, committed 40256K, reserved 1089536K
  class space    used 4611K, committed 4800K, reserved 1048576K
}
Event: 4.904 GC heap before
{Heap before GC invocations=15 (full 0):
 garbage-first heap   total 59392K, used 43214K [0x0000000706400000, 0x0000000800000000)
  region size 2048K, 13 young (26624K), 2 survivors (4096K)
 Metaspace       used 40590K, committed 40896K, reserved 1089536K
  class space    used 4669K, committed 4800K, reserved 1048576K
}
Event: 4.907 GC heap after
{Heap after GC invocations=16 (full 0):
 garbage-first heap   total 157696K, used 21997K [0x0000000706400000, 0x0000000800000000)
  region size 2048K, 1 young (2048K), 1 survivors (2048K)
 Metaspace       used 40590K, committed 40896K, reserved 1089536K
  class space    used 4669K, committed 4800K, reserved 1048576K
}
Event: 6.073 GC heap before
{Heap before GC invocations=16 (full 0):
 garbage-first heap   total 157696K, used 114157K [0x0000000706400000, 0x0000000800000000)
  region size 2048K, 46 young (94208K), 1 survivors (2048K)
 Metaspace       used 47732K, committed 48000K, reserved 1097728K
  class space    used 5705K, committed 5824K, reserved 1048576K
}
Event: 6.077 GC heap after
{Heap after GC invocations=17 (full 0):
 garbage-first heap   total 157696K, used 24335K [0x0000000706400000, 0x0000000800000000)
  region size 2048K, 2 young (4096K), 2 survivors (4096K)
 Metaspace       used 47732K, committed 48000K, reserved 1097728K
  class space    used 5705K, committed 5824K, reserved 1048576K
}
Event: 7.685 GC heap before
{Heap before GC invocations=17 (full 0):
 garbage-first heap   total 157696K, used 114447K [0x0000000706400000, 0x0000000800000000)
  region size 2048K, 46 young (94208K), 2 survivors (4096K)
 Metaspace       used 56012K, committed 56384K, reserved 1105920K
  class space    used 6803K, committed 6976K, reserved 1048576K
}
Event: 7.691 GC heap after
{Heap after GC invocations=18 (full 0):
 garbage-first heap   total 157696K, used 30412K [0x0000000706400000, 0x0000000800000000)
  region size 2048K, 5 young (10240K), 5 survivors (10240K)
 Metaspace       used 56012K, committed 56384K, reserved 1105920K
  class space    used 6803K, committed 6976K, reserved 1048576K
}
Event: 8.034 GC heap before
{Heap before GC invocations=18 (full 0):
 garbage-first heap   total 157696K, used 54988K [0x0000000706400000, 0x0000000800000000)
  region size 2048K, 19 young (38912K), 5 survivors (10240K)
 Metaspace       used 59074K, committed 59456K, reserved 1105920K
  class space    used 7207K, committed 7424K, reserved 1048576K
}
Event: 8.041 GC heap after
{Heap after GC invocations=19 (full 0):
 garbage-first heap   total 157696K, used 32019K [0x0000000706400000, 0x0000000800000000)
  region size 2048K, 4 young (8192K), 4 survivors (8192K)
 Metaspace       used 59074K, committed 59456K, reserved 1105920K
  class space    used 7207K, committed 7424K, reserved 1048576K
}
Event: 778.291 GC heap before
{Heap before GC invocations=20 (full 0):
 garbage-first heap   total 131072K, used 99603K [0x0000000706400000, 0x0000000800000000)
  region size 2048K, 38 young (77824K), 4 survivors (8192K)
 Metaspace       used 64171K, committed 64640K, reserved 1105920K
  class space    used 7782K, committed 8000K, reserved 1048576K
}
Event: 778.296 GC heap after
{Heap after GC invocations=21 (full 0):
 garbage-first heap   total 131072K, used 33195K [0x0000000706400000, 0x0000000800000000)
  region size 2048K, 2 young (4096K), 2 survivors (4096K)
 Metaspace       used 64171K, committed 64640K, reserved 1105920K
  class space    used 7782K, committed 8000K, reserved 1048576K
}
Event: 3386.419 GC heap before
{Heap before GC invocations=21 (full 0):
 garbage-first heap   total 131072K, used 102827K [0x0000000706400000, 0x0000000800000000)
  region size 2048K, 36 young (73728K), 2 survivors (4096K)
 Metaspace       used 65267K, committed 65728K, reserved 1114112K
  class space    used 7822K, committed 8064K, reserved 1048576K
}
Event: 3386.423 GC heap after
{Heap after GC invocations=22 (full 0):
 garbage-first heap   total 131072K, used 33073K [0x0000000706400000, 0x0000000800000000)
  region size 2048K, 2 young (4096K), 2 survivors (4096K)
 Metaspace       used 65267K, committed 65728K, reserved 1114112K
  class space    used 7822K, committed 8064K, reserved 1048576K
}
Event: 4003.242 GC heap before
{Heap before GC invocations=22 (full 0):
 garbage-first heap   total 131072K, used 53553K [0x0000000706400000, 0x0000000800000000)
  region size 2048K, 13 young (26624K), 2 survivors (4096K)
 Metaspace       used 65705K, committed 66176K, reserved 1114112K
  class space    used 7847K, committed 8064K, reserved 1048576K
}
Event: 4003.283 GC heap after
{Heap after GC invocations=23 (full 1):
 garbage-first heap   total 110592K, used 27661K [0x0000000706400000, 0x0000000800000000)
  region size 2048K, 0 young (0K), 0 survivors (0K)
 Metaspace       used 65705K, committed 66176K, reserved 1114112K
  class space    used 7847K, committed 8064K, reserved 1048576K
}
Event: 4004.289 GC heap before
{Heap before GC invocations=23 (full 1):
 garbage-first heap   total 110592K, used 82957K [0x0000000706400000, 0x0000000800000000)
  region size 2048K, 28 young (57344K), 0 survivors (0K)
 Metaspace       used 66027K, committed 66560K, reserved 1114112K
  class space    used 7860K, committed 8128K, reserved 1048576K
}
Event: 4004.292 GC heap after
{Heap after GC invocations=24 (full 1):
 garbage-first heap   total 110592K, used 31153K [0x0000000706400000, 0x0000000800000000)
  region size 2048K, 2 young (4096K), 2 survivors (4096K)
 Metaspace       used 66027K, committed 66560K, reserved 1114112K
  class space    used 7860K, committed 8128K, reserved 1048576K
}

Deoptimization events (20 events):
Event: 4245.205 Thread 0x000002400d643f80 DEOPT UNPACKING pc=0x000002407000dece sp=0x000000e3595fc8f0 mode 1
Event: 4245.205 Thread 0x000002400d643a30 DEOPT UNPACKING pc=0x000002407000dece sp=0x000000e3594fc7f0 mode 1
Event: 4245.205 Thread 0x000002400d643f80 DEOPT PACKING pc=0x00000240708d2c2c sp=0x000000e3595fd4d0
Event: 4245.205 Thread 0x000002400d643a30 DEOPT PACKING pc=0x00000240708d2c2c sp=0x000000e3594fd3d0
Event: 4245.205 Thread 0x000002400d643f80 DEOPT UNPACKING pc=0x000002407000dece sp=0x000000e3595fc9f8 mode 1
Event: 4245.205 Thread 0x000002400d643a30 DEOPT UNPACKING pc=0x000002407000dece sp=0x000000e3594fc8f8 mode 1
Event: 4245.205 Thread 0x000002400d643f80 DEOPT PACKING pc=0x000002407128d864 sp=0x000000e3595fd5d0
Event: 4245.205 Thread 0x000002400d643f80 DEOPT UNPACKING pc=0x000002407000dece sp=0x000000e3595fca78 mode 1
Event: 4245.205 Thread 0x000002400d643a30 DEOPT PACKING pc=0x000002407128d864 sp=0x000000e3594fd4d0
Event: 4245.205 Thread 0x000002400d643f80 DEOPT PACKING pc=0x000002407128d474 sp=0x000000e3595fd630
Event: 4245.205 Thread 0x000002400d643a30 DEOPT UNPACKING pc=0x000002407000dece sp=0x000000e3594fc978 mode 1
Event: 4245.205 Thread 0x000002400d643f80 DEOPT UNPACKING pc=0x000002407000dece sp=0x000000e3595fcad8 mode 1
Event: 4245.205 Thread 0x000002400d643a30 DEOPT PACKING pc=0x000002407128d474 sp=0x000000e3594fd530
Event: 4245.205 Thread 0x000002400d643a30 DEOPT UNPACKING pc=0x000002407000dece sp=0x000000e3594fc9d8 mode 1
Event: 4245.205 Thread 0x000002400d643f80 DEOPT PACKING pc=0x000002407131637c sp=0x000000e3595fd690
Event: 4245.205 Thread 0x000002400d643a30 DEOPT PACKING pc=0x000002407131637c sp=0x000000e3594fd590
Event: 4245.205 Thread 0x000002400d643f80 DEOPT UNPACKING pc=0x000002407000dece sp=0x000000e3595fcaf8 mode 1
Event: 4245.205 Thread 0x000002400d643a30 DEOPT UNPACKING pc=0x000002407000dece sp=0x000000e3594fc9f8 mode 1
Event: 4245.206 Thread 0x000002400d643a30 DEOPT PACKING pc=0x00000240717d6436 sp=0x000000e3594fe870
Event: 4245.206 Thread 0x000002400d643a30 DEOPT UNPACKING pc=0x000002407000dece sp=0x000000e3594fde18 mode 0

Classes unloaded (0 events):
No events

Classes redefined (1 events):
Event: 3998.515 Thread 0x000002400bc55970 redefined class name=com.capgemeni.trainService.Controller.TrainController, count=1

Internal exceptions (20 events):
Event: 4000.213 Thread 0x000002400d800770 Exception <a 'java/lang/InterruptedException'{0x000000070d55e940}: sleep interrupted> (0x000000070d55e940) 
thrown [t:\workspace\open\src\hotspot\share\prims\jvm.cpp, line 3305]
Event: 4003.241 Thread 0x000002400d643a30 Exception <a 'java/lang/NoSuchMethodError'{0x000000070cfb9db8}: 'void java.lang.invoke.DirectMethodHandle$Holder.invokeInterface(java.lang.Object, java.lang.Object)'> (0x000000070cfb9db8) 
thrown [t:\workspace\open\src\hotspot\share\interpreter\linkResolver.cpp, line 790]
Event: 4003.284 Thread 0x000002400bc6d3e0 Exception <a 'java/net/SocketException'{0x000000070ce00180}: Connection reset by peer: shutdown> (0x000000070ce00180) 
thrown [t:\workspace\open\src\hotspot\share\prims\jni.cpp, line 600]
Event: 4003.284 Thread 0x000002400bc6d3e0 Exception <a 'java/net/SocketException'{0x000000070ce005f8}: Connection reset by peer: shutdown> (0x000000070ce005f8) 
thrown [t:\workspace\open\src\hotspot\share\prims\jni.cpp, line 600]
Event: 4003.304 Thread 0x000002400d6444d0 Exception <a 'java/io/FileNotFoundException'{0x000000070cf011d8}> (0x000000070cf011d8) 
thrown [t:\workspace\open\src\hotspot\share\prims\jni.cpp, line 579]
Event: 4004.203 Thread 0x000002400d6444d0 Exception <a 'java/lang/NoClassDefFoundError'{0x000000070a68e7e0}: org/flywaydb/core/Flyway> (0x000000070a68e7e0) 
thrown [t:\workspace\open\src\hotspot\share\oops\constantPool.cpp, line 809]
Event: 4004.204 Thread 0x000002400d6444d0 Exception <a 'java/lang/NoClassDefFoundError'{0x000000070a68eb08}: liquibase/integration/spring/SpringLiquibase> (0x000000070a68eb08) 
thrown [t:\workspace\open\src\hotspot\share\oops\constantPool.cpp, line 809]
Event: 4004.302 Thread 0x000002400d6444d0 Exception <a 'sun/nio/fs/WindowsException'{0x000000070cf89e68}> (0x000000070cf89e68) 
thrown [t:\workspace\open\src\hotspot\share\prims\jni.cpp, line 579]
Event: 4004.302 Thread 0x000002400d6444d0 Exception <a 'sun/nio/fs/WindowsException'{0x000000070cf8a590}> (0x000000070cf8a590) 
thrown [t:\workspace\open\src\hotspot\share\prims\jni.cpp, line 579]
Event: 4004.303 Thread 0x000002400d6444d0 Exception <a 'sun/nio/fs/WindowsException'{0x000000070cf8ac88}> (0x000000070cf8ac88) 
thrown [t:\workspace\open\src\hotspot\share\prims\jni.cpp, line 579]
Event: 4004.324 Thread 0x000002400d6444d0 Exception <a 'java/io/FileNotFoundException'{0x000000070cfd0b80}> (0x000000070cfd0b80) 
thrown [t:\workspace\open\src\hotspot\share\prims\jni.cpp, line 579]
Event: 4004.364 Thread 0x000002400d6444d0 Exception <a 'java/io/FileNotFoundException'{0x000000070c6930d8}> (0x000000070c6930d8) 
thrown [t:\workspace\open\src\hotspot\share\prims\jni.cpp, line 579]
Event: 4004.401 Thread 0x000002400d641fa0 Exception <a 'java/lang/reflect/InvocationTargetException'{0x000000070c7db890}> (0x000000070c7db890) 
thrown [t:\workspace\open\src\hotspot\share\runtime\reflection.cpp, line 1157]
Event: 4004.404 Thread 0x000002400d640a60 Exception <a 'java/lang/reflect/InvocationTargetException'{0x000000070c401160}> (0x000000070c401160) 
thrown [t:\workspace\open\src\hotspot\share\runtime\reflection.cpp, line 1157]
Event: 4004.427 Thread 0x000002400d6444d0 Exception <a 'java/lang/ClassNotFoundException'{0x000000070c45d9c8}: java/lang/ObjectCustomizer> (0x000000070c45d9c8) 
thrown [t:\workspace\open\src\hotspot\share\classfile\systemDictionary.cpp, line 256]
Event: 4004.428 Thread 0x000002400d6444d0 Exception <a 'java/lang/ClassNotFoundException'{0x000000070c468518}: com/capgemeni/trainService/Entity/TraininfoCustomizer> (0x000000070c468518) 
thrown [t:\workspace\open\src\hotspot\share\classfile\systemDictionary.cpp, line 256]
Event: 4004.447 Thread 0x000002400d6444d0 Exception <a 'java/net/BindException'{0x000000070c503860}: Address already in use: bind> (0x000000070c503860) 
thrown [t:\workspace\open\src\hotspot\share\prims\jni.cpp, line 600]
Event: 4004.447 Thread 0x000002400d6444d0 Exception <a 'java/net/SocketException'{0x000000070c504638}: Socket is not connected: shutdown> (0x000000070c504638) 
thrown [t:\workspace\open\src\hotspot\share\prims\jni.cpp, line 600]
Event: 4005.312 Thread 0x000002400d6444d0 Implicit null exception at 0x0000024077c12f60 to 0x0000024077c15f94
Event: 4016.210 Thread 0x000002400d642f90 Exception <a 'java/lang/reflect/InvocationTargetException'{0x000000070abb0618}> (0x000000070abb0618) 
thrown [t:\workspace\open\src\hotspot\share\runtime\reflection.cpp, line 1157]

Events (20 events):
Event: 4060.660 Executing  VM operation: Cleanup done
Event: 4065.704 Executing  VM operation: Cleanup
Event: 4065.704 Executing  VM operation: Cleanup done
Event: 4095.949 Executing  VM operation: Cleanup
Event: 4095.949 Executing  VM operation: Cleanup done
Event: 4125.181 Executing  VM operation: Cleanup
Event: 4125.181 Executing  VM operation: Cleanup done
Event: 4152.728 Thread 0x000002400d63d540 Thread added: 0x000002400d63d540
Event: 4152.756 Thread 0x000002400d63efd0 Thread added: 0x000002400d63efd0
Event: 4153.435 Executing  VM operation: Cleanup
Event: 4153.435 Executing  VM operation: Cleanup done
Event: 4155.457 Executing  VM operation: Cleanup
Event: 4155.457 Executing  VM operation: Cleanup done
Event: 4185.708 Executing  VM operation: Cleanup
Event: 4185.708 Executing  VM operation: Cleanup done
Event: 4231.699 Thread 0x000002401eb93070 Thread added: 0x000002401eb93070
Event: 4231.727 Thread 0x000002401eb97030 Thread added: 0x000002401eb97030
Event: 4232.120 Executing  VM operation: Cleanup
Event: 4232.120 Executing  VM operation: Cleanup done
Event: 4262.879 Executing  VM operation: RedefineClasses


Dynamic libraries:
0x00007ff75b700000 - 0x00007ff75b70e000 	C:\Users\PMANCHUR\Downloads\eclipse\plugins\org.eclipse.justj.openjdk.hotspot.jre.full.win32.x86_64_16.0.1.v20210528-1205\jre\bin\javaw.exe
0x00007ffaf5b90000 - 0x00007ffaf5d85000 	C:\WINDOWS\SYSTEM32\ntdll.dll
0x00007ffaf43d0000 - 0x00007ffaf448e000 	C:\WINDOWS\System32\KERNEL32.DLL
0x00007ffaf3870000 - 0x00007ffaf3b39000 	C:\WINDOWS\System32\KERNELBASE.dll
0x00007ffaf3690000 - 0x00007ffaf3790000 	C:\WINDOWS\System32\ucrtbase.dll
0x00007ffae0670000 - 0x00007ffae0689000 	C:\Users\PMANCHUR\Downloads\eclipse\plugins\org.eclipse.justj.openjdk.hotspot.jre.full.win32.x86_64_16.0.1.v20210528-1205\jre\bin\VCRUNTIME140.dll
0x00007ffae0010000 - 0x00007ffae0028000 	C:\Users\PMANCHUR\Downloads\eclipse\plugins\org.eclipse.justj.openjdk.hotspot.jre.full.win32.x86_64_16.0.1.v20210528-1205\jre\bin\jli.dll
0x00007ffaf4790000 - 0x00007ffaf4931000 	C:\WINDOWS\System32\USER32.dll
0x00007ffad1da0000 - 0x00007ffad203a000 	C:\WINDOWS\WinSxS\amd64_microsoft.windows.common-controls_6595b64144ccf1df_6.0.19041.1110_none_60b5254171f9507e\COMCTL32.dll
0x00007ffaf3790000 - 0x00007ffaf37b2000 	C:\WINDOWS\System32\win32u.dll
0x00007ffaf4330000 - 0x00007ffaf43ce000 	C:\WINDOWS\System32\msvcrt.dll
0x00007ffaf4940000 - 0x00007ffaf496b000 	C:\WINDOWS\System32\GDI32.dll
0x00007ffaf32b0000 - 0x00007ffaf33bb000 	C:\WINDOWS\System32\gdi32full.dll
0x00007ffaf3b40000 - 0x00007ffaf3bdd000 	C:\WINDOWS\System32\msvcp_win.dll
0x00007ffaf4300000 - 0x00007ffaf4330000 	C:\WINDOWS\System32\IMM32.DLL
0x000002406a620000 - 0x000002406a633000 	C:\WINDOWS\System32\umppc14304.dll
0x00007ffaf25b0000 - 0x00007ffaf26d4000 	C:\Program Files\Avecto\Privilege Guard Client\PGHook.dll
0x00007ffaf4f40000 - 0x00007ffaf567f000 	C:\WINDOWS\System32\shell32.dll
0x00007ffaf4de0000 - 0x00007ffaf4e8c000 	C:\WINDOWS\System32\ADVAPI32.dll
0x00007ffaf3be0000 - 0x00007ffaf3c7b000 	C:\WINDOWS\System32\sechost.dll
0x00007ffaf4cb0000 - 0x00007ffaf4dda000 	C:\WINDOWS\System32\RPCRT4.dll
0x00007ffaf2c60000 - 0x00007ffaf2c78000 	C:\WINDOWS\SYSTEM32\CRYPTSP.dll
0x00007ffaf2440000 - 0x00007ffaf2474000 	C:\WINDOWS\system32\rsaenh.dll
0x00007ffaf3610000 - 0x00007ffaf3637000 	C:\WINDOWS\System32\bcrypt.dll
0x00007ffaf2c50000 - 0x00007ffaf2c5c000 	C:\WINDOWS\SYSTEM32\CRYPTBASE.dll
0x00007ffaf3520000 - 0x00007ffaf35a3000 	C:\WINDOWS\System32\bcryptPrimitives.dll
0x00007ffaebc30000 - 0x00007ffaebc3c000 	C:\Users\PMANCHUR\Downloads\eclipse\plugins\org.eclipse.justj.openjdk.hotspot.jre.full.win32.x86_64_16.0.1.v20210528-1205\jre\bin\vcruntime140_1.dll
0x00007ffaa22a0000 - 0x00007ffaa2331000 	C:\Users\PMANCHUR\Downloads\eclipse\plugins\org.eclipse.justj.openjdk.hotspot.jre.full.win32.x86_64_16.0.1.v20210528-1205\jre\bin\msvcp140.dll
0x00007ffa7cdf0000 - 0x00007ffa7d99b000 	C:\Users\PMANCHUR\Downloads\eclipse\plugins\org.eclipse.justj.openjdk.hotspot.jre.full.win32.x86_64_16.0.1.v20210528-1205\jre\bin\server\jvm.dll
0x00007ffaf5b40000 - 0x00007ffaf5b48000 	C:\WINDOWS\System32\PSAPI.DLL
0x00007ffad7810000 - 0x00007ffad7819000 	C:\WINDOWS\SYSTEM32\WSOCK32.dll
0x00007ffaf4570000 - 0x00007ffaf45db000 	C:\WINDOWS\System32\WS2_32.dll
0x00007ffad5100000 - 0x00007ffad5127000 	C:\WINDOWS\SYSTEM32\WINMM.dll
0x00007ffae0d20000 - 0x00007ffae0d2a000 	C:\WINDOWS\SYSTEM32\VERSION.dll
0x00007ffaf1a30000 - 0x00007ffaf1a42000 	C:\WINDOWS\SYSTEM32\kernel.appcore.dll
0x00007ffaea190000 - 0x00007ffaea19a000 	C:\Users\PMANCHUR\Downloads\eclipse\plugins\org.eclipse.justj.openjdk.hotspot.jre.full.win32.x86_64_16.0.1.v20210528-1205\jre\bin\jimage.dll
0x00007ffaf1560000 - 0x00007ffaf1744000 	C:\WINDOWS\SYSTEM32\DBGHELP.DLL
0x00007ffad5bb0000 - 0x00007ffad5bdc000 	C:\WINDOWS\SYSTEM32\dbgcore.DLL
0x00007ffad5be0000 - 0x00007ffad5c1b000 	C:\Users\PMANCHUR\Downloads\eclipse\plugins\org.eclipse.justj.openjdk.hotspot.jre.full.win32.x86_64_16.0.1.v20210528-1205\jre\bin\jdwp.dll
0x00007ffae9690000 - 0x00007ffae969e000 	C:\Users\PMANCHUR\Downloads\eclipse\plugins\org.eclipse.justj.openjdk.hotspot.jre.full.win32.x86_64_16.0.1.v20210528-1205\jre\bin\instrument.dll
0x00007ffacc980000 - 0x00007ffacc9a5000 	C:\Users\PMANCHUR\Downloads\eclipse\plugins\org.eclipse.justj.openjdk.hotspot.jre.full.win32.x86_64_16.0.1.v20210528-1205\jre\bin\java.dll
0x00007ffacf840000 - 0x00007ffacf858000 	C:\Users\PMANCHUR\Downloads\eclipse\plugins\org.eclipse.justj.openjdk.hotspot.jre.full.win32.x86_64_16.0.1.v20210528-1205\jre\bin\zip.dll
0x00007ffaf0460000 - 0x00007ffaf0bf0000 	C:\WINDOWS\SYSTEM32\windows.storage.dll
0x00007ffaf57e0000 - 0x00007ffaf5b35000 	C:\WINDOWS\System32\combase.dll
0x00007ffaf2d00000 - 0x00007ffaf2d2c000 	C:\WINDOWS\SYSTEM32\Wldp.dll
0x00007ffaf4e90000 - 0x00007ffaf4f3d000 	C:\WINDOWS\System32\SHCORE.dll
0x00007ffaf5770000 - 0x00007ffaf57c5000 	C:\WINDOWS\System32\shlwapi.dll
0x00007ffaf31f0000 - 0x00007ffaf320f000 	C:\WINDOWS\SYSTEM32\profapi.dll
0x00007ffae9380000 - 0x00007ffae938c000 	C:\Users\PMANCHUR\Downloads\eclipse\plugins\org.eclipse.justj.openjdk.hotspot.jre.full.win32.x86_64_16.0.1.v20210528-1205\jre\bin\dt_socket.dll
0x00007ffaf26e0000 - 0x00007ffaf271b000 	C:\WINDOWS\SYSTEM32\IPHLPAPI.DLL
0x00007ffaf2a60000 - 0x00007ffaf2aca000 	C:\WINDOWS\system32\mswsock.dll
0x00007ffaf2750000 - 0x00007ffaf281c000 	C:\WINDOWS\SYSTEM32\DNSAPI.dll
0x00007ffaf57d0000 - 0x00007ffaf57d8000 	C:\WINDOWS\System32\NSI.dll
0x00007ffae9cf0000 - 0x00007ffae9cfa000 	C:\Windows\System32\rasadhlp.dll
0x00007ffaebef0000 - 0x00007ffaebf6f000 	C:\WINDOWS\System32\fwpuclnt.dll
0x00007ffacf6a0000 - 0x00007ffacf6b9000 	C:\Users\PMANCHUR\Downloads\eclipse\plugins\org.eclipse.justj.openjdk.hotspot.jre.full.win32.x86_64_16.0.1.v20210528-1205\jre\bin\net.dll
0x00007ffaebf80000 - 0x00007ffaec088000 	C:\WINDOWS\SYSTEM32\WINHTTP.dll
0x00007ffacd760000 - 0x00007ffacd773000 	C:\Users\PMANCHUR\Downloads\eclipse\plugins\org.eclipse.justj.openjdk.hotspot.jre.full.win32.x86_64_16.0.1.v20210528-1205\jre\bin\nio.dll
0x00007ffaea180000 - 0x00007ffaea190000 	C:\Users\PMANCHUR\Downloads\eclipse\plugins\org.eclipse.justj.openjdk.hotspot.jre.full.win32.x86_64_16.0.1.v20210528-1205\jre\bin\verify.dll
0x00007ffaec7a0000 - 0x00007ffaec7a9000 	C:\Users\PMANCHUR\Downloads\eclipse\plugins\org.eclipse.justj.openjdk.hotspot.jre.full.win32.x86_64_16.0.1.v20210528-1205\jre\bin\management.dll
0x00007ffaec790000 - 0x00007ffaec79b000 	C:\Users\PMANCHUR\Downloads\eclipse\plugins\org.eclipse.justj.openjdk.hotspot.jre.full.win32.x86_64_16.0.1.v20210528-1205\jre\bin\management_ext.dll
0x00007ffaebcc0000 - 0x00007ffaebcd7000 	C:\WINDOWS\SYSTEM32\dhcpcsvc6.DLL
0x00007ffaebc40000 - 0x00007ffaebc5d000 	C:\WINDOWS\SYSTEM32\dhcpcsvc.DLL
0x00007ffadd9b0000 - 0x00007ffadd9c7000 	C:\WINDOWS\system32\napinsp.dll
0x00007ffadd9f0000 - 0x00007ffadda0b000 	C:\WINDOWS\system32\pnrpnsp.dll
0x00007ffadd9d0000 - 0x00007ffadd9e5000 	C:\WINDOWS\system32\wshbth.dll
0x00007ffaec6a0000 - 0x00007ffaec6bd000 	C:\WINDOWS\system32\NLAapi.dll
0x00007ffadda10000 - 0x00007ffadda22000 	C:\WINDOWS\System32\winrnr.dll
0x00007ffaf3170000 - 0x00007ffaf319e000 	C:\WINDOWS\SYSTEM32\USERENV.dll
0x00007ffacb610000 - 0x00007ffacb61e000 	C:\Users\PMANCHUR\Downloads\eclipse\plugins\org.eclipse.justj.openjdk.hotspot.jre.full.win32.x86_64_16.0.1.v20210528-1205\jre\bin\sunmscapi.dll
0x00007ffaf33c0000 - 0x00007ffaf3516000 	C:\WINDOWS\System32\CRYPT32.dll
0x00007ffaf2d70000 - 0x00007ffaf2d97000 	C:\WINDOWS\SYSTEM32\ncrypt.dll
0x00007ffaf2d30000 - 0x00007ffaf2d6b000 	C:\WINDOWS\SYSTEM32\NTASN1.dll
0x00007ffae05f0000 - 0x00007ffae05f7000 	C:\WINDOWS\system32\wshunix.dll

dbghelp: loaded successfully - version: 4.0.5 - missing functions: none
symbol engine: initialized successfully - sym options: 0x614 - pdb path: .;C:\Users\PMANCHUR\Downloads\eclipse\plugins\org.eclipse.justj.openjdk.hotspot.jre.full.win32.x86_64_16.0.1.v20210528-1205\jre\bin;C:\WINDOWS\SYSTEM32;C:\WINDOWS\WinSxS\amd64_microsoft.windows.common-controls_6595b64144ccf1df_6.0.19041.1110_none_60b5254171f9507e;C:\Program Files\Avecto\Privilege Guard Client;C:\Users\PMANCHUR\Downloads\eclipse\plugins\org.eclipse.justj.openjdk.hotspot.jre.full.win32.x86_64_16.0.1.v20210528-1205\jre\bin\server

VM Arguments:
jvm_args: -XX:+ShowCodeDetailsInExceptionMessages -agentlib:jdwp=transport=dt_socket,suspend=y,address=localhost:51376 -javaagent:C:\Users\PMANCHUR\Downloads\eclipse\configuration\org.eclipse.osgi\415\0\.cp\lib\javaagent-shaded.jar -Dfile.encoding=UTF-8 
java_command: com.capgemeni.trainService.TrainServiceApplication
java_class_path (initial): C:\Users\PMANCHUR\git\Case-Study\trainService\target\classes;C:\Users\PMANCHUR\.m2\repository\org\springframework\boot\spring-boot-starter-data-mongodb\2.5.5\spring-boot-starter-data-mongodb-2.5.5.jar;C:\Users\PMANCHUR\.m2\repository\org\springframework\boot\spring-boot-starter\2.5.5\spring-boot-starter-2.5.5.jar;C:\Users\PMANCHUR\.m2\repository\org\springframework\boot\spring-boot-starter-logging\2.5.5\spring-boot-starter-logging-2.5.5.jar;C:\Users\PMANCHUR\.m2\repository\ch\qos\logback\logback-classic\1.2.6\logback-classic-1.2.6.jar;C:\Users\PMANCHUR\.m2\repository\ch\qos\logback\logback-core\1.2.6\logback-core-1.2.6.jar;C:\Users\PMANCHUR\.m2\repository\org\apache\logging\log4j\log4j-to-slf4j\2.14.1\log4j-to-slf4j-2.14.1.jar;C:\Users\PMANCHUR\.m2\repository\org\apache\logging\log4j\log4j-api\2.14.1\log4j-api-2.14.1.jar;C:\Users\PMANCHUR\.m2\repository\org\slf4j\jul-to-slf4j\1.7.32\jul-to-slf4j-1.7.32.jar;C:\Users\PMANCHUR\.m2\repository\jakarta\annotation\jakarta.annotation-api\1.3.5\jakarta.annotation-api-1.3.5.jar;C:\Users\PMANCHUR\.m2\repository\org\yaml\snakeyaml\1.28\snakeyaml-1.28.jar;C:\Users\PMANCHUR\.m2\repository\org\mongodb\mongodb-driver-sync\4.2.3\mongodb-driver-sync-4.2.3.jar;C:\Users\PMANCHUR\.m2\repository\org\mongodb\bson\4.2.3\bson-4.2.3.jar;C:\Users\PMANCHUR\.m2\repository\org\mongodb\mongodb-driver-core\4.2.3\mongodb-driver-core-4.2.3.jar;C:\Users\PMANCHUR\.m2\repository\org\springframework\data\spring-data-mongodb\3.2.5\spring-data-mongodb-3.2.5.jar;C:\Users\PMANCHUR\.m2\repository\org\springframework\spring-tx\5.3.10\spring-tx-5.3.10.jar;C:\Users\PMANCHUR\.m2\repository\org\springframework\spring-context\5.3.10\spring-context-5.3.10.jar;C:\Users\PMANCHUR\.m2\repository\org\springframework\spring-beans\5.3.10\spring-beans-5.3.10.jar;C:\Users\PMANCHUR\.m2\repository\org\springframework\spring-expression\5.3.10\spring-expression-5.3.10.jar;C:\Users\PMANCHUR\.m2\repository\org\springframework\data\spring-data-commons\
Launcher Type: SUN_STANDARD

[Global flags]
     intx CICompilerCount                          = 4                                         {product} {ergonomic}
     uint ConcGCThreads                            = 2                                         {product} {ergonomic}
     uint G1ConcRefinementThreads                  = 8                                         {product} {ergonomic}
   size_t G1HeapRegionSize                         = 2097152                                   {product} {ergonomic}
    uintx GCDrainStackTargetSize                   = 64                                        {product} {ergonomic}
   size_t InitialHeapSize                          = 262144000                                 {product} {ergonomic}
   size_t MarkStackSize                            = 4194304                                   {product} {ergonomic}
   size_t MaxHeapSize                              = 4190109696                                {product} {ergonomic}
   size_t MaxNewSize                               = 2512388096                                {product} {ergonomic}
   size_t MinHeapDeltaBytes                        = 2097152                                   {product} {ergonomic}
   size_t MinHeapSize                              = 8388608                                   {product} {ergonomic}
    uintx NonNMethodCodeHeapSize                   = 5839372                                {pd product} {ergonomic}
    uintx NonProfiledCodeHeapSize                  = 122909434                              {pd product} {ergonomic}
    uintx ProfiledCodeHeapSize                     = 122909434                              {pd product} {ergonomic}
    uintx ReservedCodeCacheSize                    = 251658240                              {pd product} {ergonomic}
     bool SegmentedCodeCache                       = true                                      {product} {ergonomic}
     bool ShowCodeDetailsInExceptionMessages       = true                                   {manageable} {command line}
   size_t SoftMaxHeapSize                          = 4190109696                             {manageable} {ergonomic}
     bool UseCompressedClassPointers               = true                           {product lp64_product} {ergonomic}
     bool UseCompressedOops                        = true                           {product lp64_product} {ergonomic}
     bool UseG1GC                                  = true                                      {product} {ergonomic}
     bool UseLargePagesIndividualAllocation        = false                                  {pd product} {ergonomic}

Logging:
Log output configuration:
 #0: stdout all=warning uptime,level,tags
 #1: stderr all=off uptime,level,tags

Environment Variables:
JAVA_HOME=C:\Program Files\AdoptOpenJDK\jdk-15.0.0.36-hotspot
PATH=C:\Users\PMANCHUR\Downloads\eclipse\plugins\org.eclipse.justj.openjdk.hotspot.jre.full.win32.x86_64_16.0.1.v20210528-1205\jre\bin;C:/Users/PMANCHUR/Downloads/eclipse//plugins/org.eclipse.justj.openjdk.hotspot.jre.full.win32.x86_64_16.0.1.v20210528-1205/jre/bin/server;C:/Users/PMANCHUR/Downloads/eclipse//plugins/org.eclipse.justj.openjdk.hotspot.jre.full.win32.x86_64_16.0.1.v20210528-1205/jre/bin;C:\Program Files\Common Files\Oracle\Java\javapath;C:\Program Files\AdoptOpenJDK\jdk-15.0.0.36-hotspot\bin;C:\WINDOWS\system32;C:\WINDOWS;C:\WINDOWS\System32\Wbem;C:\WINDOWS\System32\WindowsPowerShell\v1.0\;C:\WINDOWS\System32\OpenSSH\;C:\Users\PMANCHUR\AppData\Local\Microsoft\WindowsApps;C:\Users\PMANCHUR\AppData\Local\Programs\Git\cmd;C:\Users\PMANCHUR\AppData\Local\Programs\Microsoft VS Code\bin;C:\Users\PMANCHUR\Downloads\node-v14.18.0-win-x64;C:\Users\PMANCHUR\Angular\SampleAngular\node_modules\.bin;C:\Users\PMANCHUR\AppData\Local\GitHubDesktop\bin;C:\Users\PMANCHUR\Downloads\eclipse;
USERNAME=pmanchur
OS=Windows_NT
PROCESSOR_IDENTIFIER=Intel64 Family 6 Model 165 Stepping 2, GenuineIntel



---------------  S Y S T E M  ---------------

OS:
 Windows 10 , 64 bit Build 19041 (10.0.19041.1202)
OS uptime: 3 days 0:44 hours

CPU: total 8 (initial active 8) (4 cores per cpu, 2 threads per core) family 6 model 165 stepping 2 microcode 0xe2, cx8, cmov, fxsr, ht, mmx, 3dnowpref, sse, sse2, sse3, ssse3, sse4.1, sse4.2, popcnt, lzcnt, tsc, tscinvbit, avx, avx2, aes, erms, clmul, bmi1, bmi2, adx, fma, vzeroupper, clflush, clflushopt

Memory: 4k page, system-wide physical 15981M (2580M free)
TotalPageFile size 21381M (AvailPageFile size 3132M)
current process WorkingSet (physical memory assigned to process): 263M, peak: 520M
current process commit charge ("private bytes"): 323M, peak: 559M

vm_info: OpenJDK 64-Bit Server VM (16.0.1+9-24) for windows-amd64 JRE (16.0.1+9-24), built on Mar 26 2021 19:30:07 by "mach5one" with MS VC++ 16.7 (VS2019)

END.
